[2015-01-15 00:18:11] START
[2015-01-15 00:26:15] EDIT FINAL/models/rutas.py: 0
[2015-01-15 00:27:23] EDIT FINAL/models/db.py: 0
[2015-01-15 00:28:53] EDIT FINAL/models/db.py: 0
[2015-01-15 00:31:38] EDIT FINAL/models/db.py: 0
[2015-01-15 00:32:08] EDIT FINAL/models/db.py: 0
[2015-01-15 00:33:01] EDIT FINAL/models/db.py: 0
[2015-01-15 00:39:27] EDIT FINAL/models/db.py: 1
[2015-01-15 00:41:09] EDIT FINAL/models/db.py: 0
[2015-01-15 00:43:36] EDIT FINAL/models/db.py: 0
[2015-01-15 00:45:44] EDIT FINAL/models/db.py: -1
[2015-01-15 00:51:40] EDIT FINAL/models/db.py: 1
[2015-01-15 00:57:58] EDIT FINAL/models/db.py: -6
[2015-01-15 01:02:04] EDIT FINAL/models/db.py: 0
[2015-01-15 01:03:20] EDIT FINAL/models/db.py: -1
[2015-01-15 01:06:55] EDIT FINAL/controllers/pedido.py: 0
[2016-12-21 18:23:41] EDIT FINAL/models/db.py: 0
[2016-12-21 18:25:16] EDIT FINAL/models/db.py: 0
[2016-12-21 18:29:23] EDIT FINAL/models/db.py: 0
[2016-12-21 18:34:06] EDIT FINAL/models/db.py: -3
[2016-12-21 18:39:39] EDIT FINAL/models/db.py: -2
[2016-12-21 18:43:12] EDIT FINAL/models/db.py: -7
[2016-12-21 18:50:38] EDIT FINAL/views/administrar/realizar_altas.html: 0
[2016-12-21 18:51:56] EDIT FINAL/views/administrar/realizar_altas.html: 0
[2016-12-21 19:13:14] EDIT FINAL/views/administrar/realizar_altas.html: 0
[2016-12-21 19:15:02] EDIT FINAL/views/administrar/realizar_altas.html: 0
[2016-12-21 19:17:36] EDIT FINAL/views/administrar/realizar_altas.html: 1
[2016-12-21 19:52:46] EDIT FINAL/controllers/administrar.py: 3
[2016-12-21 19:56:01] EDIT FINAL/controllers/administrar.py: 0
[2016-12-21 19:56:45] EDIT FINAL/controllers/administrar.py: 0
[2016-12-21 19:58:02] EDIT FINAL/controllers/administrar.py: 0
[2016-12-21 19:58:07] EDIT FINAL/controllers/administrar.py: 0
[2016-12-21 19:58:17] EDIT FINAL/controllers/administrar.py: 0
[2016-12-21 20:01:06] EDIT FINAL/views/layout_administrador.html: 0
[2016-12-21 20:02:05] EDIT FINAL/views/layout_administrador.html: 0
[2016-12-21 20:02:07] EDIT FINAL/views/layout_administrador.html: 0
[2016-12-21 20:05:51] CREATE adminstrar/listar.html: 0
[2016-12-21 20:08:19] EDIT FINAL/views/adminstrar/listar.html: 0
[2016-12-21 20:11:47] DELETE FINAL/views/adminstrar/listar.html: -3
[2016-12-21 20:12:05] CREATE administrar/listar.html: 0
[2016-12-21 20:12:25] EDIT FINAL/views/administrar/listar.html: 0
[2016-12-21 21:20:10] EDIT FINAL/views/altas/articulos.html: -1
[2017-01-25 21:49:07] EDIT FINAL/views/administrar/realizar_altas.html: 0
[2017-01-25 23:16:24] EDIT FINAL/views/altas/Altas_chofer.html: -1
[2017-01-25 23:17:00] EDIT FINAL/views/altas/alta_cliente.html: -1
[2017-01-25 23:17:18] EDIT FINAL/views/altas/altas_tranporte.html: -1
[2017-01-25 23:39:54] EDIT FINAL/controllers/default.py: 0
[2017-01-25 23:41:19] EDIT FINAL/views/layout.html: 0
[2017-01-25 23:41:21] EDIT FINAL/views/layout.html: 0
[2017-01-29 09:21:18] EDIT FINAL/controllers/default.py: 0
[2017-01-29 09:29:03] EDIT FINAL/controllers/default.py: 0
[2017-01-30 22:07:22] EDIT FINAL/controllers/articulo.py: 0
[2017-01-30 22:13:55] EDIT FINAL/controllers/articulo.py: 1
[2017-01-30 22:16:00] EDIT FINAL/controllers/articulo.py: 1
[2017-02-27 17:20:02] EDIT FINAL/views/pedido/modificar_pedido.html: -1
[2017-03-01 00:17:59] EDIT FINAL/controllers/articulo.py: -6
[2017-03-01 20:39:09] DELETE FINAL/models/0.py: -115
[2017-03-01 20:43:13] EDIT FINAL/views/cliente/user.html: -2
[2017-03-01 21:21:20] EDIT FINAL/views/cliente/user.html: 2
